============================= test session starts =============================
platform win32 -- Python 3.8.1, pytest-5.3.5, py-1.8.1, pluggy-0.13.1
rootdir: C:\cygwin64\home\mike\.local\lib\python3.7\site-packages
plugins: testdox-1.2.1
collected 34 items

pygameapi\test_pygameapi.py                                                                                
set_dev_mode
 ✓ pgui.DEV is False if dev_mode is called with False
 ✓ pgui.DEV is False if dev_mode is not called
 ✓ pgui.DEV is True if dev_mode is called with True
 ✓ pgui.DEV is True if dev_mode is called with no argument
                                                                               
user_quit
 ✓ Returns False if user does not quit
 ✓ Returns False if user presses q with dev mode disabled
 ✓ Returns True if user clicks red x
 ✓ Returns True if user presses Ctrl q
 ✓ Returns True if user presses q in dev mode
                                                                               
user_opens_cmdline
 ✓ Returns false if user does not press colon
 ✓ Returns true if user presses colon
                                                                               
user_closes_cmdline
 ✓ Returns False if user does not press Esc
 ✓ Returns True if user presses Esc
                                                                               
Window
 ✓ Window is a namedtuple with field names ( cols,rows )
                                                                               
window_size
 ✓ Returns tuple width,height
                                                                               
get_arg
 ✓ Returns empty string if input string is ()
 ✓ Returns empty string if input string is ("")
 ✓ Returns empty string if input string is ("   ")
 ✓ Returns empty string if input string is ('')
 ✓ Returns empty string if input string is ('   ')
 ✓ Returns help message if eval expression is not a string
 ✓ Returns help message if input string is missing )
 ✓ Returns help message if input string is missing (
 ✓ Returns help message if quotes are mismatched
 ✓ Returns help message if string inside () is only one character
 ✓ Returns subset of input string that is inside parentheses
                                                                               
evaluate
 ✓ Evaluates ":eval(expression)" by returning Python builtin 'eval(expression)'
 ✓ Evaluates expressions that use a global dict
 ✓ Evaluates expressions that use global and local dicts
 ✓ Evaluates simple expressions like ":eval('1+1')"
 ✓ Ignores whitespace inside the parentheses
 ✓ Returns empty string if cmd input is ":eval()"
 ✓ Returns empty string if cmd input is ":eval('')"
 ✓ Returns empty string if cmd input is ':eval("")'
                                                                         [100%]

============================= 34 passed in 0.70s ==============================
