============================= test session starts =============================
platform win32 -- Python 3.8.1, pytest-5.3.5, py-1.8.1, pluggy-0.13.1
rootdir: C:\cygwin64\home\mike\.local\lib\python3.7\site-packages
plugins: testdox-1.2.1
collected 16 items

pygameapi\test_pygameapi.py                                                                                
set_dev_mode
 ✓ pgui.DEV is False if dev_mode is called with False
 ✓ pgui.DEV is False if dev_mode is not called
 ✓ pgui.DEV is True if dev_mode is called with True
 ✓ pgui.DEV is True if dev_mode is called with no argument
                                                                               
user_quit
 ✓ Returns False if user does not quit
 ✓ Returns False if user presses q with dev mode disabled
 ✓ Returns True if user clicks red x
 ✓ Returns True if user presses Ctrl q
 ✓ Returns True if user presses q in dev mode
                                                                               
user_opens_cmdline
 ✓ Returns false if user does not press colon
 ✓ Returns true if user presses colon
                                                                               
user_closes_cmdline
 ✓ Returns False if user does not press Esc
 ✓ Returns True if user presses Esc
                                                                               
Window
 ✓ Window is a namedtuple with field names ( cols,rows )
                                                                               
window_size
 ✓ Returns tuple width,height
                                                                               
evaluate
 ✓ need to write some
                                                                         [100%]

============================= 16 passed in 0.64s ==============================
